INFO:sim:172 - Generating IP...
Applying current project options...
Finished applying current project options.
WARNING:sim - A core named 'memory' already exists in the project. Output
   products for this core may be overwritten.
Resolving generics for 'memory'...
WARNING:sim - A core named 'memory' already exists in the project. Output
   products for this core may be overwritten.
Applying external generics to 'memory'...
Delivering associated files for 'memory'...
Delivering EJava files for 'memory'...
Generating implementation netlist for 'memory'...
INFO:sim - Pre-processing HDL files for 'memory'...
Running synthesis for 'memory'
Running ngcbuild...
Writing VEO instantiation template for 'memory'...
Writing Verilog behavioral simulation model for 'memory'...
WARNING:sim - Overwriting existing file
   D:/users/ComputerArchitecture/Lab3/ipcore_dir/tmp/_cg/memory/doc/blk_mem_gen_
   v7_3_vinfo.html with file from view xilinx_documentation
Delivered 1 file into directory
D:/users/ComputerArchitecture/Lab3/ipcore_dir/tmp/_cg/memory
Generating ASY schematic symbol...
INFO:sim:949 - Finished generation of ASY schematic symbol.
Generating SYM schematic symbol for 'memory'...
Generating metadata file...
Regenerating ISE project file for 'memory'...
Generating ISE project...
XCO file found: memory.xco
XMDF file found: memory_xmdf.tcl
Adding D:/users/ComputerArchitecture/Lab3/ipcore_dir/tmp/_cg/memory.asy -view
all -origin_type imported
Adding D:/users/ComputerArchitecture/Lab3/ipcore_dir/tmp/_cg/memory.ngc -view
all -origin_type created
Checking file "D:/users/ComputerArchitecture/Lab3/ipcore_dir/tmp/_cg/memory.ngc"
for project device match ...
File "D:/users/ComputerArchitecture/Lab3/ipcore_dir/tmp/_cg/memory.ngc" device
information matches project device.
Adding D:/users/ComputerArchitecture/Lab3/ipcore_dir/tmp/_cg/memory.sym -view
all -origin_type imported
Adding D:/users/ComputerArchitecture/Lab3/ipcore_dir/tmp/_cg/memory.v -view all
-origin_type created
INFO:HDLCompiler:1845 - Analyzing Verilog file
   "D:/users/ComputerArchitecture/Lab3/ipcore_dir/tmp/_cg/memory.v" into library
   work
INFO:ProjectMgmt - Parsing design hierarchy completed successfully.
Adding D:/users/ComputerArchitecture/Lab3/ipcore_dir/tmp/_cg/memory.veo -view
all -origin_type imported
INFO:TclTasksC:2116 - The automatic calculation of top has been turned-off.
   Please set the new top explicitly by running the "project set top" command.
   To re-calculate the new top automatically, set the "Auto Implementation Top"
   property to true.
Top level has been set to "/memory"
Generating README file...
Generating FLIST file...
INFO:sim:948 - Finished FLIST file generation.
Launching README viewer...
Moving files to output directory...
Finished moving files to output directory
Wrote CGP file for project 'memory'.
