--------------------------------------------------------------------------------
Release 14.7 Trace  (nt64)
Copyright (c) 1995-2013 Xilinx, Inc.  All rights reserved.

C:\Xilinx\14.7\ISE_DS\ISE\bin\nt64\unwrapped\trce.exe -intstyle ise -v 3 -s 2
-n 3 -fastpaths -xml single_cpu.twx single_cpu.ncd -o single_cpu.twr
single_cpu.pcf -ucf sp6.ucf

Design file:              single_cpu.ncd
Physical constraint file: single_cpu.pcf
Device,package,speed:     xc6slx9,tqg144,C,-2 (PRODUCTION 1.23 2013-10-13)
Report level:             verbose report

Environment Variable      Effect 
--------------------      ------ 
NONE                      No environment variables were set
--------------------------------------------------------------------------------

INFO:Timing:2698 - No timing constraints found, doing default enumeration.
INFO:Timing:3412 - To improve timing, see the Timing Closure User Guide (UG612).
INFO:Timing:2752 - To get complete path coverage, use the unconstrained paths 
   option. All paths that are not constrained will be reported in the 
   unconstrained paths section(s) of the report.
INFO:Timing:3339 - The clock-to-out numbers in this timing report are based on 
   a 50 Ohm transmission line loading model.  For the details of this model, 
   and for more information on accounting for different loading conditions, 
   please see the device datasheet.



Data Sheet report:
-----------------
All values displayed in nanoseconds (ns)

Setup/Hold to clock CCLK
------------+------------+------------+------------+------------+------------------+--------+
            |Max Setup to|  Process   |Max Hold to |  Process   |                  | Clock  |
Source      | clk (edge) |   Corner   | clk (edge) |   Corner   |Internal Clock(s) | Phase  |
------------+------------+------------+------------+------------+------------------+--------+
btn<0>      |    1.104(R)|      SLOW  |    0.162(R)|      SLOW  |CCLK_BUFGP        |   0.000|
btn<1>      |    1.531(R)|      SLOW  |   -0.247(R)|      SLOW  |CCLK_BUFGP        |   0.000|
btn<2>      |    1.231(R)|      SLOW  |    0.032(R)|      SLOW  |CCLK_BUFGP        |   0.000|
btn<3>      |    1.567(R)|      SLOW  |   -0.277(R)|      SLOW  |CCLK_BUFGP        |   0.000|
------------+------------+------------+------------+------------+------------------+--------+

Clock to Setup on destination clock CCLK
---------------+---------+---------+---------+---------+
               | Src:Rise| Src:Fall| Src:Rise| Src:Fall|
Source Clock   |Dest:Rise|Dest:Rise|Dest:Fall|Dest:Fall|
---------------+---------+---------+---------+---------+
CCLK           |   15.225|         |         |         |
---------------+---------+---------+---------+---------+


Analysis completed Thu Apr 02 13:35:28 2015 
--------------------------------------------------------------------------------

Trace Settings:
-------------------------
Trace Settings 

Peak Memory Usage: 272 MB



